<?xml version="1.0" encoding="UTF-8"?>
<testsuite xmlns:xsi="http://www.w3.org/2001/XMLSchema-instance" xsi:noNamespaceSchemaLocation="https://maven.apache.org/surefire/maven-surefire-plugin/xsd/surefire-test-report.xsd" name="dummy feature 6" time="6.129" tests="6" errors="0" skipped="3" failures="0">
  <properties>
    <property name="java.specification.version" value="17"/>
    <property name="sun.cpu.isalist" value="amd64"/>
    <property name="sun.jnu.encoding" value="Cp1252"/>
    <property name="java.class.path" value="C:\Users\11619\OneDrive - Expleo France\Documents\Projects\Java Framework\RestAssuredAutomation\RestAssuredAutomation\target\test-classes;C:\Users\11619\OneDrive - Expleo France\Documents\Projects\Java Framework\RestAssuredAutomation\RestAssuredAutomation\target\classes;C:\Users\11619\.m2\repository\xerces\xercesImpl\2.11.0\xercesImpl-2.11.0.jar;C:\Users\11619\.m2\repository\xml-apis\xml-apis\1.4.01\xml-apis-1.4.01.jar;C:\Users\11619\.m2\repository\com\google\guava\guava\31.0.1-jre\guava-31.0.1-jre.jar;C:\Users\11619\.m2\repository\com\google\guava\failureaccess\1.0.1\failureaccess-1.0.1.jar;C:\Users\11619\.m2\repository\com\google\guava\listenablefuture\9999.0-empty-to-avoid-conflict-with-guava\listenablefuture-9999.0-empty-to-avoid-conflict-with-guava.jar;C:\Users\11619\.m2\repository\com\google\code\findbugs\jsr305\3.0.2\jsr305-3.0.2.jar;C:\Users\11619\.m2\repository\org\checkerframework\checker-qual\3.12.0\checker-qual-3.12.0.jar;C:\Users\11619\.m2\repository\com\google\errorprone\error_prone_annotations\2.7.1\error_prone_annotations-2.7.1.jar;C:\Users\11619\.m2\repository\com\google\j2objc\j2objc-annotations\1.3\j2objc-annotations-1.3.jar;C:\Users\11619\.m2\repository\org\projectlombok\lombok\1.18.10\lombok-1.18.10.jar;C:\Users\11619\.m2\repository\io\rest-assured\rest-assured\3.0.7\rest-assured-3.0.7.jar;C:\Users\11619\.m2\repository\org\codehaus\groovy\groovy\2.4.12\groovy-2.4.12.jar;C:\Users\11619\.m2\repository\org\codehaus\groovy\groovy-xml\2.4.12\groovy-xml-2.4.12.jar;C:\Users\11619\.m2\repository\org\apache\httpcomponents\httpclient\4.5.3\httpclient-4.5.3.jar;C:\Users\11619\.m2\repository\org\apache\httpcomponents\httpmime\4.5.1\httpmime-4.5.1.jar;C:\Users\11619\.m2\repository\org\hamcrest\hamcrest-core\1.3\hamcrest-core-1.3.jar;C:\Users\11619\.m2\repository\org\hamcrest\hamcrest-library\1.3\hamcrest-library-1.3.jar;C:\Users\11619\.m2\repository\org\ccil\cowan\tagsoup\tagsoup\1.2.1\tagsoup-1.2.1.jar;C:\Users\11619\.m2\repository\io\rest-assured\json-path\3.0.7\json-path-3.0.7.jar;C:\Users\11619\.m2\repository\org\codehaus\groovy\groovy-json\2.4.12\groovy-json-2.4.12.jar;C:\Users\11619\.m2\repository\io\rest-assured\rest-assured-common\3.0.7\rest-assured-common-3.0.7.jar;C:\Users\11619\.m2\repository\io\rest-assured\xml-path\3.0.7\xml-path-3.0.7.jar;C:\Users\11619\.m2\repository\javax\xml\bind\jaxb-api\2.2.12\jaxb-api-2.2.12.jar;C:\Users\11619\.m2\repository\io\rest-assured\json-schema-validator\3.0.7\json-schema-validator-3.0.7.jar;C:\Users\11619\.m2\repository\com\github\fge\json-schema-validator\2.2.6\json-schema-validator-2.2.6.jar;C:\Users\11619\.m2\repository\joda-time\joda-time\2.3\joda-time-2.3.jar;C:\Users\11619\.m2\repository\com\googlecode\libphonenumber\libphonenumber\6.2\libphonenumber-6.2.jar;C:\Users\11619\.m2\repository\com\github\fge\json-schema-core\1.2.5\json-schema-core-1.2.5.jar;C:\Users\11619\.m2\repository\com\github\fge\uri-template\0.9\uri-template-0.9.jar;C:\Users\11619\.m2\repository\com\github\fge\msg-simple\1.1\msg-simple-1.1.jar;C:\Users\11619\.m2\repository\com\github\fge\btf\1.2\btf-1.2.jar;C:\Users\11619\.m2\repository\com\github\fge\jackson-coreutils\1.8\jackson-coreutils-1.8.jar;C:\Users\11619\.m2\repository\org\mozilla\rhino\1.7R4\rhino-1.7R4.jar;C:\Users\11619\.m2\repository\javax\mail\mailapi\1.4.3\mailapi-1.4.3.jar;C:\Users\11619\.m2\repository\javax\activation\activation\1.1\activation-1.1.jar;C:\Users\11619\.m2\repository\net\sf\jopt-simple\jopt-simple\4.6\jopt-simple-4.6.jar;C:\Users\11619\.m2\repository\org\assertj\assertj-core\3.16.1\assertj-core-3.16.1.jar;C:\Users\11619\.m2\repository\io\cucumber\cucumber-java\5.7.0\cucumber-java-5.7.0.jar;C:\Users\11619\.m2\repository\org\apiguardian\apiguardian-api\1.1.0\apiguardian-api-1.1.0.jar;C:\Users\11619\.m2\repository\io\cucumber\cucumber-junit\5.7.0\cucumber-junit-5.7.0.jar;C:\Users\11619\.m2\repository\io\cucumber\cucumber-core\5.7.0\cucumber-core-5.7.0.jar;C:\Users\11619\.m2\repository\io\cucumber\cucumber-gherkin\5.7.0\cucumber-gherkin-5.7.0.jar;C:\Users\11619\.m2\repository\io\cucumber\cucumber-gherkin-vintage\5.7.0\cucumber-gherkin-vintage-5.7.0.jar;C:\Users\11619\.m2\repository\io\cucumber\tag-expressions\2.0.4\tag-expressions-2.0.4.jar;C:\Users\11619\.m2\repository\io\cucumber\cucumber-expressions\8.3.1\cucumber-expressions-8.3.1.jar;C:\Users\11619\.m2\repository\io\cucumber\datatable\3.3.1\datatable-3.3.1.jar;C:\Users\11619\.m2\repository\io\cucumber\cucumber-plugin\5.7.0\cucumber-plugin-5.7.0.jar;C:\Users\11619\.m2\repository\io\cucumber\docstring\5.7.0\docstring-5.7.0.jar;C:\Users\11619\.m2\repository\junit\junit\4.12\junit-4.12.jar;C:\Users\11619\.m2\repository\com\saucelabs\sauce_junit\2.1.25\sauce_junit-2.1.25.jar;C:\Users\11619\.m2\repository\com\saucelabs\sauce_java_common\2.1.25\sauce_java_common-2.1.25.jar;C:\Users\11619\.m2\repository\com\saucelabs\saucerest\1.0.39\saucerest-1.0.39.jar;C:\Users\11619\.m2\repository\com\fasterxml\jackson\core\jackson-databind\2.12.1\jackson-databind-2.12.1.jar;C:\Users\11619\.m2\repository\com\fasterxml\jackson\core\jackson-annotations\2.12.1\jackson-annotations-2.12.1.jar;C:\Users\11619\.m2\repository\com\fasterxml\jackson\core\jackson-core\2.12.1\jackson-core-2.12.1.jar;C:\Users\11619\.m2\repository\org\apache\commons\commons-collections4\4.1\commons-collections4-4.1.jar;C:\Users\11619\.m2\repository\commons-dbutils\commons-dbutils\1.7\commons-dbutils-1.7.jar;C:\Users\11619\.m2\repository\com\google\inject\guice\4.0\guice-4.0.jar;C:\Users\11619\.m2\repository\javax\inject\javax.inject\1\javax.inject-1.jar;C:\Users\11619\.m2\repository\aopalliance\aopalliance\1.0\aopalliance-1.0.jar;C:\Users\11619\.m2\repository\org\mybatis\mybatis\3.4.2\mybatis-3.4.2.jar;C:\Users\11619\.m2\repository\org\mybatis\dynamic-sql\mybatis-dynamic-sql\1.0.0\mybatis-dynamic-sql-1.0.0.jar;C:\Users\11619\.m2\repository\org\apache\logging\log4j\log4j-core\2.10.0\log4j-core-2.10.0.jar;C:\Users\11619\.m2\repository\org\apache\logging\log4j\log4j-api\2.10.0\log4j-api-2.10.0.jar;C:\Users\11619\.m2\repository\org\apache\logging\log4j\log4j-slf4j-impl\2.10.0\log4j-slf4j-impl-2.10.0.jar;C:\Users\11619\.m2\repository\org\slf4j\slf4j-api\1.7.22\slf4j-api-1.7.22.jar;C:\Users\11619\.m2\repository\commons-logging\commons-logging\1.2\commons-logging-1.2.jar;C:\Users\11619\.m2\repository\org\mockito\mockito-core\2.9.0\mockito-core-2.9.0.jar;C:\Users\11619\.m2\repository\net\bytebuddy\byte-buddy\1.7.0\byte-buddy-1.7.0.jar;C:\Users\11619\.m2\repository\net\bytebuddy\byte-buddy-agent\1.7.0\byte-buddy-agent-1.7.0.jar;C:\Users\11619\.m2\repository\org\objenesis\objenesis\2.6\objenesis-2.6.jar;C:\Users\11619\.m2\repository\org\json\json\20170516\json-20170516.jar;C:\Users\11619\.m2\repository\com\paulhammant\ngwebdriver\1.1.5\ngwebdriver-1.1.5.jar;C:\Users\11619\.m2\repository\com\aventstack\extentreports-cucumber4-adapter\1.0.12\extentreports-cucumber4-adapter-1.0.12.jar;C:\Users\11619\.m2\repository\com\aventstack\extentreports\4.1.5\extentreports-4.1.5.jar;C:\Users\11619\.m2\repository\org\freemarker\freemarker\2.3.29\freemarker-2.3.29.jar;C:\Users\11619\.m2\repository\org\mongodb\bson\3.12.0\bson-3.12.0.jar;C:\Users\11619\.m2\repository\org\mongodb\mongodb-driver\3.3.0\mongodb-driver-3.3.0.jar;C:\Users\11619\.m2\repository\org\mongodb\mongodb-driver-core\3.3.0\mongodb-driver-core-3.3.0.jar;C:\Users\11619\.m2\repository\io\qameta\allure\allure-cucumber5-jvm\2.13.3\allure-cucumber5-jvm-2.13.3.jar;C:\Users\11619\.m2\repository\io\qameta\allure\allure-java-commons\2.13.3\allure-java-commons-2.13.3.jar;C:\Users\11619\.m2\repository\io\qameta\allure\allure-model\2.13.3\allure-model-2.13.3.jar;C:\Users\11619\.m2\repository\org\apache\tika\tika-core\1.20\tika-core-1.20.jar;C:\Users\11619\.m2\repository\org\jooq\joor-java-8\0.9.10\joor-java-8-0.9.10.jar;C:\Users\11619\.m2\repository\io\cucumber\gherkin\5.1.0\gherkin-5.1.0.jar;C:\Users\11619\.m2\repository\io\cucumber\gherkin-jvm-deps\1.0.4\gherkin-jvm-deps-1.0.4.jar;C:\Users\11619\.m2\repository\io\qameta\allure\allure-maven\2.10.0\allure-maven-2.10.0.jar;C:\Users\11619\.m2\repository\org\apache\maven\maven-core\3.3.9\maven-core-3.3.9.jar;C:\Users\11619\.m2\repository\org\apache\maven\maven-model\3.3.9\maven-model-3.3.9.jar;C:\Users\11619\.m2\repository\org\apache\maven\maven-settings\3.3.9\maven-settings-3.3.9.jar;C:\Users\11619\.m2\repository\org\apache\maven\maven-settings-builder\3.3.9\maven-settings-builder-3.3.9.jar;C:\Users\11619\.m2\repository\org\apache\maven\maven-builder-support\3.3.9\maven-builder-support-3.3.9.jar;C:\Users\11619\.m2\repository\org\apache\maven\maven-repository-metadata\3.3.9\maven-repository-metadata-3.3.9.jar;C:\Users\11619\.m2\repository\org\apache\maven\maven-model-builder\3.3.9\maven-model-builder-3.3.9.jar;C:\Users\11619\.m2\repository\org\apache\maven\maven-aether-provider\3.3.9\maven-aether-provider-3.3.9.jar;C:\Users\11619\.m2\repository\org\eclipse\aether\aether-spi\1.0.2.v20150114\aether-spi-1.0.2.v20150114.jar;C:\Users\11619\.m2\repository\org\eclipse\aether\aether-impl\1.0.2.v20150114\aether-impl-1.0.2.v20150114.jar;C:\Users\11619\.m2\repository\org\eclipse\aether\aether-api\1.0.2.v20150114\aether-api-1.0.2.v20150114.jar;C:\Users\11619\.m2\repository\org\eclipse\aether\aether-util\1.0.2.v20150114\aether-util-1.0.2.v20150114.jar;C:\Users\11619\.m2\repository\org\eclipse\sisu\org.eclipse.sisu.plexus\0.3.2\org.eclipse.sisu.plexus-0.3.2.jar;C:\Users\11619\.m2\repository\javax\enterprise\cdi-api\1.0\cdi-api-1.0.jar;C:\Users\11619\.m2\repository\javax\annotation\jsr250-api\1.0\jsr250-api-1.0.jar;C:\Users\11619\.m2\repository\org\eclipse\sisu\org.eclipse.sisu.inject\0.3.2\org.eclipse.sisu.inject-0.3.2.jar;C:\Users\11619\.m2\repository\com\google\inject\guice\4.0\guice-4.0-no_aop.jar;C:\Users\11619\.m2\repository\org\codehaus\plexus\plexus-interpolation\1.21\plexus-interpolation-1.21.jar;C:\Users\11619\.m2\repository\org\codehaus\plexus\plexus-utils\3.0.22\plexus-utils-3.0.22.jar;C:\Users\11619\.m2\repository\org\codehaus\plexus\plexus-classworlds\2.5.2\plexus-classworlds-2.5.2.jar;C:\Users\11619\.m2\repository\org\codehaus\plexus\plexus-component-annotations\1.6\plexus-component-annotations-1.6.jar;C:\Users\11619\.m2\repository\org\sonatype\plexus\plexus-sec-dispatcher\1.3\plexus-sec-dispatcher-1.3.jar;C:\Users\11619\.m2\repository\org\sonatype\plexus\plexus-cipher\1.4\plexus-cipher-1.4.jar;C:\Users\11619\.m2\repository\org\apache\maven\reporting\maven-reporting-impl\2.4\maven-reporting-impl-2.4.jar;C:\Users\11619\.m2\repository\org\apache\maven\reporting\maven-reporting-api\3.0\maven-reporting-api-3.0.jar;C:\Users\11619\.m2\repository\org\apache\maven\maven-project\2.2.1\maven-project-2.2.1.jar;C:\Users\11619\.m2\repository\org\apache\maven\maven-profile\2.2.1\maven-profile-2.2.1.jar;C:\Users\11619\.m2\repository\org\apache\maven\maven-artifact-manager\2.2.1\maven-artifact-manager-2.2.1.jar;C:\Users\11619\.m2\repository\backport-util-concurrent\backport-util-concurrent\3.1\backport-util-concurrent-3.1.jar;C:\Users\11619\.m2\repository\org\apache\maven\maven-plugin-registry\2.2.1\maven-plugin-registry-2.2.1.jar;C:\Users\11619\.m2\repository\org\codehaus\plexus\plexus-container-default\1.0-alpha-9-stable-1\plexus-container-default-1.0-alpha-9-stable-1.jar;C:\Users\11619\.m2\repository\classworlds\classworlds\1.1-alpha-2\classworlds-1.1-alpha-2.jar;C:\Users\11619\.m2\repository\org\apache\maven\doxia\doxia-sink-api\1.6\doxia-sink-api-1.6.jar;C:\Users\11619\.m2\repository\org\apache\maven\doxia\doxia-logging-api\1.6\doxia-logging-api-1.6.jar;C:\Users\11619\.m2\repository\org\apache\maven\doxia\doxia-core\1.6\doxia-core-1.6.jar;C:\Users\11619\.m2\repository\commons-lang\commons-lang\2.4\commons-lang-2.4.jar;C:\Users\11619\.m2\repository\xmlunit\xmlunit\1.5\xmlunit-1.5.jar;C:\Users\11619\.m2\repository\org\apache\maven\doxia\doxia-site-renderer\1.6\doxia-site-renderer-1.6.jar;C:\Users\11619\.m2\repository\org\apache\maven\doxia\doxia-decoration-model\1.6\doxia-decoration-model-1.6.jar;C:\Users\11619\.m2\repository\org\apache\maven\doxia\doxia-module-xhtml\1.6\doxia-module-xhtml-1.6.jar;C:\Users\11619\.m2\repository\org\apache\maven\doxia\doxia-module-fml\1.6\doxia-module-fml-1.6.jar;C:\Users\11619\.m2\repository\org\codehaus\plexus\plexus-i18n\1.0-beta-7\plexus-i18n-1.0-beta-7.jar;C:\Users\11619\.m2\repository\org\codehaus\plexus\plexus-velocity\1.1.7\plexus-velocity-1.1.7.jar;C:\Users\11619\.m2\repository\org\apache\velocity\velocity-tools\2.0\velocity-tools-2.0.jar;C:\Users\11619\.m2\repository\commons-chain\commons-chain\1.1\commons-chain-1.1.jar;C:\Users\11619\.m2\repository\dom4j\dom4j\1.1\dom4j-1.1.jar;C:\Users\11619\.m2\repository\sslext\sslext\1.2-0\sslext-1.2-0.jar;C:\Users\11619\.m2\repository\org\apache\struts\struts-core\1.3.8\struts-core-1.3.8.jar;C:\Users\11619\.m2\repository\antlr\antlr\2.7.2\antlr-2.7.2.jar;C:\Users\11619\.m2\repository\org\apache\struts\struts-taglib\1.3.8\struts-taglib-1.3.8.jar;C:\Users\11619\.m2\repository\org\apache\struts\struts-tiles\1.3.8\struts-tiles-1.3.8.jar;C:\Users\11619\.m2\repository\commons-validator\commons-validator\1.4.1\commons-validator-1.4.1.jar;C:\Users\11619\.m2\repository\commons-digester\commons-digester\1.8.1\commons-digester-1.8.1.jar;C:\Users\11619\.m2\repository\commons-beanutils\commons-beanutils\1.9.3\commons-beanutils-1.9.3.jar;C:\Users\11619\.m2\repository\commons-collections\commons-collections\3.2.2\commons-collections-3.2.2.jar;C:\Users\11619\.m2\repository\net\lingala\zip4j\zip4j\1.3.2\zip4j-1.3.2.jar;C:\Users\11619\.m2\repository\org\apache\commons\commons-exec\1.3\commons-exec-1.3.jar;C:\Users\11619\.m2\repository\org\apache\maven\plugin-tools\maven-plugin-annotations\3.2\maven-plugin-annotations-3.2.jar;C:\Users\11619\.m2\repository\org\apache\maven\plugins\maven-jxr-plugin\2.5\maven-jxr-plugin-2.5.jar;C:\Users\11619\.m2\repository\org\apache\velocity\velocity\1.5\velocity-1.5.jar;C:\Users\11619\.m2\repository\oro\oro\2.0.8\oro-2.0.8.jar;C:\Users\11619\.m2\repository\org\apache\maven\maven-jxr\2.5\maven-jxr-2.5.jar;C:\Users\11619\.m2\repository\org\apache\maven\wagon\wagon-provider-api\1.0\wagon-provider-api-1.0.jar;C:\Users\11619\.m2\repository\uk\com\robust-it\cloning\1.9.10\cloning-1.9.10.jar;C:\Users\11619\.m2\repository\net\lightbody\bmp\browsermob-core\2.1.5\browsermob-core-2.1.5.jar;C:\Users\11619\.m2\repository\net\lightbody\bmp\littleproxy\1.1.0-beta-bmp-17\littleproxy-1.1.0-beta-bmp-17.jar;C:\Users\11619\.m2\repository\dnsjava\dnsjava\2.1.8\dnsjava-2.1.8.jar;C:\Users\11619\.m2\repository\org\slf4j\jcl-over-slf4j\1.7.25\jcl-over-slf4j-1.7.25.jar;C:\Users\11619\.m2\repository\com\jcraft\jzlib\1.1.3\jzlib-1.1.3.jar;C:\Users\11619\.m2\repository\io\netty\netty-all\4.0.51.Final\netty-all-4.0.51.Final.jar;C:\Users\11619\.m2\repository\org\bouncycastle\bcprov-jdk15on\1.58\bcprov-jdk15on-1.58.jar;C:\Users\11619\.m2\repository\org\bouncycastle\bcpkix-jdk15on\1.58\bcpkix-jdk15on-1.58.jar;C:\Users\11619\.m2\repository\net\lightbody\bmp\mitm\2.1.5\mitm-2.1.5.jar;C:\Users\11619\.m2\repository\io\cucumber\cucumber-picocontainer\5.7.0\cucumber-picocontainer-5.7.0.jar;C:\Users\11619\.m2\repository\org\picocontainer\picocontainer\2.15\picocontainer-2.15.jar;C:\Users\11619\.m2\repository\org\seleniumhq\selenium\selenium-java\3.11.0\selenium-java-3.11.0.jar;C:\Users\11619\.m2\repository\org\seleniumhq\selenium\selenium-api\3.11.0\selenium-api-3.11.0.jar;C:\Users\11619\.m2\repository\org\seleniumhq\selenium\selenium-edge-driver\3.11.0\selenium-edge-driver-3.11.0.jar;C:\Users\11619\.m2\repository\org\seleniumhq\selenium\selenium-firefox-driver\3.11.0\selenium-firefox-driver-3.11.0.jar;C:\Users\11619\.m2\repository\org\seleniumhq\selenium\selenium-ie-driver\3.11.0\selenium-ie-driver-3.11.0.jar;C:\Users\11619\.m2\repository\org\seleniumhq\selenium\selenium-opera-driver\3.11.0\selenium-opera-driver-3.11.0.jar;C:\Users\11619\.m2\repository\org\seleniumhq\selenium\selenium-remote-driver\3.11.0\selenium-remote-driver-3.11.0.jar;C:\Users\11619\.m2\repository\org\seleniumhq\selenium\selenium-safari-driver\3.11.0\selenium-safari-driver-3.11.0.jar;C:\Users\11619\.m2\repository\org\seleniumhq\selenium\selenium-support\3.11.0\selenium-support-3.11.0.jar;C:\Users\11619\.m2\repository\commons-codec\commons-codec\1.10\commons-codec-1.10.jar;C:\Users\11619\.m2\repository\com\google\code\gson\gson\2.8.2\gson-2.8.2.jar;C:\Users\11619\.m2\repository\org\apache\httpcomponents\httpcore\4.4.6\httpcore-4.4.6.jar;C:\Users\11619\.m2\repository\com\squareup\okhttp3\okhttp\3.9.1\okhttp-3.9.1.jar;C:\Users\11619\.m2\repository\com\squareup\okio\okio\1.13.0\okio-1.13.0.jar;C:\Users\11619\.m2\repository\org\seleniumhq\selenium\selenium-server\3.11.0\selenium-server-3.11.0.jar;C:\Users\11619\.m2\repository\com\beust\jcommander\1.72\jcommander-1.72.jar;C:\Users\11619\.m2\repository\org\apache\commons\commons-text\1.1\commons-text-1.1.jar;C:\Users\11619\.m2\repository\commons-io\commons-io\2.6\commons-io-2.6.jar;C:\Users\11619\.m2\repository\commons-net\commons-net\3.6\commons-net-3.6.jar;C:\Users\11619\.m2\repository\org\w3c\css\sac\1.3\sac-1.3.jar;C:\Users\11619\.m2\repository\net\sourceforge\cssparser\cssparser\0.9.24\cssparser-0.9.24.jar;C:\Users\11619\.m2\repository\net\sourceforge\htmlunit\htmlunit\2.29\htmlunit-2.29.jar;C:\Users\11619\.m2\repository\net\sourceforge\htmlunit\htmlunit-core-js\2.28\htmlunit-core-js-2.28.jar;C:\Users\11619\.m2\repository\net\sourceforge\htmlunit\neko-htmlunit\2.28\neko-htmlunit-2.28.jar;C:\Users\11619\.m2\repository\net\jcip\jcip-annotations\1.0\jcip-annotations-1.0.jar;C:\Users\11619\.m2\repository\org\seleniumhq\selenium\jetty-repacked\9.4.7.v20171121\jetty-repacked-9.4.7.v20171121.jar;C:\Users\11619\.m2\repository\org\eclipse\jetty\jetty-client\9.4.7.v20170914\jetty-client-9.4.7.v20170914.jar;C:\Users\11619\.m2\repository\org\eclipse\jetty\jetty-http\9.4.8.v20171121\jetty-http-9.4.8.v20171121.jar;C:\Users\11619\.m2\repository\org\eclipse\jetty\jetty-io\9.4.8.v20171121\jetty-io-9.4.8.v20171121.jar;C:\Users\11619\.m2\repository\org\eclipse\jetty\jetty-util\9.4.8.v20171121\jetty-util-9.4.8.v20171121.jar;C:\Users\11619\.m2\repository\org\eclipse\jetty\jetty-xml\9.4.7.v20170914\jetty-xml-9.4.7.v20170914.jar;C:\Users\11619\.m2\repository\org\seleniumhq\selenium\htmlunit-driver\2.29.0\htmlunit-driver-2.29.0.jar;C:\Users\11619\.m2\repository\javax\servlet\javax.servlet-api\3.1.0\javax.servlet-api-3.1.0.jar;C:\Users\11619\.m2\repository\org\eclipse\jetty\websocket\websocket-api\9.4.7.v20170914\websocket-api-9.4.7.v20170914.jar;C:\Users\11619\.m2\repository\org\eclipse\jetty\websocket\websocket-client\9.4.7.v20170914\websocket-client-9.4.7.v20170914.jar;C:\Users\11619\.m2\repository\org\eclipse\jetty\websocket\websocket-common\9.4.7.v20170914\websocket-common-9.4.7.v20170914.jar;C:\Users\11619\.m2\repository\xalan\serializer\2.7.2\serializer-2.7.2.jar;C:\Users\11619\.m2\repository\xalan\xalan\2.7.2\xalan-2.7.2.jar;C:\Users\11619\.m2\repository\org\yaml\snakeyaml\1.19\snakeyaml-1.19.jar;C:\Users\11619\.m2\repository\org\seleniumhq\selenium\selenium-chrome-driver\3.11.0\selenium-chrome-driver-3.11.0.jar;C:\Users\11619\.m2\repository\org\apache\maven\plugins\maven-compiler-plugin\3.8.1\maven-compiler-plugin-3.8.1.jar;C:\Users\11619\.m2\repository\org\apache\maven\maven-plugin-api\3.0\maven-plugin-api-3.0.jar;C:\Users\11619\.m2\repository\org\sonatype\sisu\sisu-inject-plexus\1.4.2\sisu-inject-plexus-1.4.2.jar;C:\Users\11619\.m2\repository\org\sonatype\sisu\sisu-inject-bean\1.4.2\sisu-inject-bean-1.4.2.jar;C:\Users\11619\.m2\repository\org\sonatype\sisu\sisu-guice\2.1.7\sisu-guice-2.1.7-noaop.jar;C:\Users\11619\.m2\repository\org\apache\maven\maven-artifact\3.0\maven-artifact-3.0.jar;C:\Users\11619\.m2\repository\org\apache\maven\shared\maven-shared-utils\3.2.1\maven-shared-utils-3.2.1.jar;C:\Users\11619\.m2\repository\org\apache\maven\shared\maven-shared-incremental\1.1\maven-shared-incremental-1.1.jar;C:\Users\11619\.m2\repository\org\codehaus\plexus\plexus-java\0.9.10\plexus-java-0.9.10.jar;C:\Users\11619\.m2\repository\org\ow2\asm\asm\6.2\asm-6.2.jar;C:\Users\11619\.m2\repository\com\thoughtworks\qdox\qdox\2.0-M8\qdox-2.0-M8.jar;C:\Users\11619\.m2\repository\org\codehaus\plexus\plexus-compiler-api\2.8.4\plexus-compiler-api-2.8.4.jar;C:\Users\11619\.m2\repository\org\codehaus\plexus\plexus-compiler-manager\2.8.4\plexus-compiler-manager-2.8.4.jar;C:\Users\11619\.m2\repository\org\codehaus\plexus\plexus-compiler-javac\2.8.4\plexus-compiler-javac-2.8.4.jar;C:\Users\11619\.m2\repository\org\apache\maven\plugins\maven-surefire-plugin\2.22.2\maven-surefire-plugin-2.22.2.jar;C:\Users\11619\.m2\repository\org\apache\maven\surefire\maven-surefire-common\2.22.2\maven-surefire-common-2.22.2.jar;C:\Users\11619\.m2\repository\org\apache\maven\surefire\surefire-api\2.22.2\surefire-api-2.22.2.jar;C:\Users\11619\.m2\repository\org\apache\maven\surefire\surefire-logger-api\2.22.2\surefire-logger-api-2.22.2.jar;C:\Users\11619\.m2\repository\org\apache\maven\surefire\surefire-booter\2.22.2\surefire-booter-2.22.2.jar;C:\Users\11619\.m2\repository\org\apache\maven\maven-plugin-descriptor\2.2.1\maven-plugin-descriptor-2.2.1.jar;C:\Users\11619\.m2\repository\org\apache\maven\maven-toolchain\2.2.1\maven-toolchain-2.2.1.jar;C:\Users\11619\.m2\repository\org\beryx\awt-color-factory\1.0.0\awt-color-factory-1.0.0.jar;C:\Users\11619\.m2\repository\org\awaitility\awaitility\3.0.0\awaitility-3.0.0.jar;C:\Users\11619\.m2\repository\org\apache\commons\commons-lang3\3.9\commons-lang3-3.9.jar;"/>
    <property name="java.vm.vendor" value="Oracle Corporation"/>
    <property name="sun.arch.data.model" value="64"/>
    <property name="user.variant" value=""/>
    <property name="java.vendor.url" value="https://java.oracle.com/"/>
    <property name="user.timezone" value="Europe/Dublin"/>
    <property name="user.country.format" value="150"/>
    <property name="os.name" value="Windows 10"/>
    <property name="java.vm.specification.version" value="17"/>
    <property name="sun.java.launcher" value="SUN_STANDARD"/>
    <property name="user.country" value="US"/>
    <property name="sun.boot.library.path" value="C:\Program Files\Java\jdk-17.0.1\bin"/>
    <property name="sun.java.command" value="C:\Users\11619\AppData\Local\Temp\surefire1758191445538271953\surefirebooter3356004658110258741.jar C:\Users\11619\AppData\Local\Temp\surefire1758191445538271953 2021-12-04T10-29-23_487-jvmRun1 surefire3314441157882593521tmp surefire_013941765421178848412tmp"/>
    <property name="jdk.debug" value="release"/>
    <property name="surefire.test.class.path" value="C:\Users\11619\OneDrive - Expleo France\Documents\Projects\Java Framework\RestAssuredAutomation\RestAssuredAutomation\target\test-classes;C:\Users\11619\OneDrive - Expleo France\Documents\Projects\Java Framework\RestAssuredAutomation\RestAssuredAutomation\target\classes;C:\Users\11619\.m2\repository\xerces\xercesImpl\2.11.0\xercesImpl-2.11.0.jar;C:\Users\11619\.m2\repository\xml-apis\xml-apis\1.4.01\xml-apis-1.4.01.jar;C:\Users\11619\.m2\repository\com\google\guava\guava\31.0.1-jre\guava-31.0.1-jre.jar;C:\Users\11619\.m2\repository\com\google\guava\failureaccess\1.0.1\failureaccess-1.0.1.jar;C:\Users\11619\.m2\repository\com\google\guava\listenablefuture\9999.0-empty-to-avoid-conflict-with-guava\listenablefuture-9999.0-empty-to-avoid-conflict-with-guava.jar;C:\Users\11619\.m2\repository\com\google\code\findbugs\jsr305\3.0.2\jsr305-3.0.2.jar;C:\Users\11619\.m2\repository\org\checkerframework\checker-qual\3.12.0\checker-qual-3.12.0.jar;C:\Users\11619\.m2\repository\com\google\errorprone\error_prone_annotations\2.7.1\error_prone_annotations-2.7.1.jar;C:\Users\11619\.m2\repository\com\google\j2objc\j2objc-annotations\1.3\j2objc-annotations-1.3.jar;C:\Users\11619\.m2\repository\org\projectlombok\lombok\1.18.10\lombok-1.18.10.jar;C:\Users\11619\.m2\repository\io\rest-assured\rest-assured\3.0.7\rest-assured-3.0.7.jar;C:\Users\11619\.m2\repository\org\codehaus\groovy\groovy\2.4.12\groovy-2.4.12.jar;C:\Users\11619\.m2\repository\org\codehaus\groovy\groovy-xml\2.4.12\groovy-xml-2.4.12.jar;C:\Users\11619\.m2\repository\org\apache\httpcomponents\httpclient\4.5.3\httpclient-4.5.3.jar;C:\Users\11619\.m2\repository\org\apache\httpcomponents\httpmime\4.5.1\httpmime-4.5.1.jar;C:\Users\11619\.m2\repository\org\hamcrest\hamcrest-core\1.3\hamcrest-core-1.3.jar;C:\Users\11619\.m2\repository\org\hamcrest\hamcrest-library\1.3\hamcrest-library-1.3.jar;C:\Users\11619\.m2\repository\org\ccil\cowan\tagsoup\tagsoup\1.2.1\tagsoup-1.2.1.jar;C:\Users\11619\.m2\repository\io\rest-assured\json-path\3.0.7\json-path-3.0.7.jar;C:\Users\11619\.m2\repository\org\codehaus\groovy\groovy-json\2.4.12\groovy-json-2.4.12.jar;C:\Users\11619\.m2\repository\io\rest-assured\rest-assured-common\3.0.7\rest-assured-common-3.0.7.jar;C:\Users\11619\.m2\repository\io\rest-assured\xml-path\3.0.7\xml-path-3.0.7.jar;C:\Users\11619\.m2\repository\javax\xml\bind\jaxb-api\2.2.12\jaxb-api-2.2.12.jar;C:\Users\11619\.m2\repository\io\rest-assured\json-schema-validator\3.0.7\json-schema-validator-3.0.7.jar;C:\Users\11619\.m2\repository\com\github\fge\json-schema-validator\2.2.6\json-schema-validator-2.2.6.jar;C:\Users\11619\.m2\repository\joda-time\joda-time\2.3\joda-time-2.3.jar;C:\Users\11619\.m2\repository\com\googlecode\libphonenumber\libphonenumber\6.2\libphonenumber-6.2.jar;C:\Users\11619\.m2\repository\com\github\fge\json-schema-core\1.2.5\json-schema-core-1.2.5.jar;C:\Users\11619\.m2\repository\com\github\fge\uri-template\0.9\uri-template-0.9.jar;C:\Users\11619\.m2\repository\com\github\fge\msg-simple\1.1\msg-simple-1.1.jar;C:\Users\11619\.m2\repository\com\github\fge\btf\1.2\btf-1.2.jar;C:\Users\11619\.m2\repository\com\github\fge\jackson-coreutils\1.8\jackson-coreutils-1.8.jar;C:\Users\11619\.m2\repository\org\mozilla\rhino\1.7R4\rhino-1.7R4.jar;C:\Users\11619\.m2\repository\javax\mail\mailapi\1.4.3\mailapi-1.4.3.jar;C:\Users\11619\.m2\repository\javax\activation\activation\1.1\activation-1.1.jar;C:\Users\11619\.m2\repository\net\sf\jopt-simple\jopt-simple\4.6\jopt-simple-4.6.jar;C:\Users\11619\.m2\repository\org\assertj\assertj-core\3.16.1\assertj-core-3.16.1.jar;C:\Users\11619\.m2\repository\io\cucumber\cucumber-java\5.7.0\cucumber-java-5.7.0.jar;C:\Users\11619\.m2\repository\org\apiguardian\apiguardian-api\1.1.0\apiguardian-api-1.1.0.jar;C:\Users\11619\.m2\repository\io\cucumber\cucumber-junit\5.7.0\cucumber-junit-5.7.0.jar;C:\Users\11619\.m2\repository\io\cucumber\cucumber-core\5.7.0\cucumber-core-5.7.0.jar;C:\Users\11619\.m2\repository\io\cucumber\cucumber-gherkin\5.7.0\cucumber-gherkin-5.7.0.jar;C:\Users\11619\.m2\repository\io\cucumber\cucumber-gherkin-vintage\5.7.0\cucumber-gherkin-vintage-5.7.0.jar;C:\Users\11619\.m2\repository\io\cucumber\tag-expressions\2.0.4\tag-expressions-2.0.4.jar;C:\Users\11619\.m2\repository\io\cucumber\cucumber-expressions\8.3.1\cucumber-expressions-8.3.1.jar;C:\Users\11619\.m2\repository\io\cucumber\datatable\3.3.1\datatable-3.3.1.jar;C:\Users\11619\.m2\repository\io\cucumber\cucumber-plugin\5.7.0\cucumber-plugin-5.7.0.jar;C:\Users\11619\.m2\repository\io\cucumber\docstring\5.7.0\docstring-5.7.0.jar;C:\Users\11619\.m2\repository\junit\junit\4.12\junit-4.12.jar;C:\Users\11619\.m2\repository\com\saucelabs\sauce_junit\2.1.25\sauce_junit-2.1.25.jar;C:\Users\11619\.m2\repository\com\saucelabs\sauce_java_common\2.1.25\sauce_java_common-2.1.25.jar;C:\Users\11619\.m2\repository\com\saucelabs\saucerest\1.0.39\saucerest-1.0.39.jar;C:\Users\11619\.m2\repository\com\fasterxml\jackson\core\jackson-databind\2.12.1\jackson-databind-2.12.1.jar;C:\Users\11619\.m2\repository\com\fasterxml\jackson\core\jackson-annotations\2.12.1\jackson-annotations-2.12.1.jar;C:\Users\11619\.m2\repository\com\fasterxml\jackson\core\jackson-core\2.12.1\jackson-core-2.12.1.jar;C:\Users\11619\.m2\repository\org\apache\commons\commons-collections4\4.1\commons-collections4-4.1.jar;C:\Users\11619\.m2\repository\commons-dbutils\commons-dbutils\1.7\commons-dbutils-1.7.jar;C:\Users\11619\.m2\repository\com\google\inject\guice\4.0\guice-4.0.jar;C:\Users\11619\.m2\repository\javax\inject\javax.inject\1\javax.inject-1.jar;C:\Users\11619\.m2\repository\aopalliance\aopalliance\1.0\aopalliance-1.0.jar;C:\Users\11619\.m2\repository\org\mybatis\mybatis\3.4.2\mybatis-3.4.2.jar;C:\Users\11619\.m2\repository\org\mybatis\dynamic-sql\mybatis-dynamic-sql\1.0.0\mybatis-dynamic-sql-1.0.0.jar;C:\Users\11619\.m2\repository\org\apache\logging\log4j\log4j-core\2.10.0\log4j-core-2.10.0.jar;C:\Users\11619\.m2\repository\org\apache\logging\log4j\log4j-api\2.10.0\log4j-api-2.10.0.jar;C:\Users\11619\.m2\repository\org\apache\logging\log4j\log4j-slf4j-impl\2.10.0\log4j-slf4j-impl-2.10.0.jar;C:\Users\11619\.m2\repository\org\slf4j\slf4j-api\1.7.22\slf4j-api-1.7.22.jar;C:\Users\11619\.m2\repository\commons-logging\commons-logging\1.2\commons-logging-1.2.jar;C:\Users\11619\.m2\repository\org\mockito\mockito-core\2.9.0\mockito-core-2.9.0.jar;C:\Users\11619\.m2\repository\net\bytebuddy\byte-buddy\1.7.0\byte-buddy-1.7.0.jar;C:\Users\11619\.m2\repository\net\bytebuddy\byte-buddy-agent\1.7.0\byte-buddy-agent-1.7.0.jar;C:\Users\11619\.m2\repository\org\objenesis\objenesis\2.6\objenesis-2.6.jar;C:\Users\11619\.m2\repository\org\json\json\20170516\json-20170516.jar;C:\Users\11619\.m2\repository\com\paulhammant\ngwebdriver\1.1.5\ngwebdriver-1.1.5.jar;C:\Users\11619\.m2\repository\com\aventstack\extentreports-cucumber4-adapter\1.0.12\extentreports-cucumber4-adapter-1.0.12.jar;C:\Users\11619\.m2\repository\com\aventstack\extentreports\4.1.5\extentreports-4.1.5.jar;C:\Users\11619\.m2\repository\org\freemarker\freemarker\2.3.29\freemarker-2.3.29.jar;C:\Users\11619\.m2\repository\org\mongodb\bson\3.12.0\bson-3.12.0.jar;C:\Users\11619\.m2\repository\org\mongodb\mongodb-driver\3.3.0\mongodb-driver-3.3.0.jar;C:\Users\11619\.m2\repository\org\mongodb\mongodb-driver-core\3.3.0\mongodb-driver-core-3.3.0.jar;C:\Users\11619\.m2\repository\io\qameta\allure\allure-cucumber5-jvm\2.13.3\allure-cucumber5-jvm-2.13.3.jar;C:\Users\11619\.m2\repository\io\qameta\allure\allure-java-commons\2.13.3\allure-java-commons-2.13.3.jar;C:\Users\11619\.m2\repository\io\qameta\allure\allure-model\2.13.3\allure-model-2.13.3.jar;C:\Users\11619\.m2\repository\org\apache\tika\tika-core\1.20\tika-core-1.20.jar;C:\Users\11619\.m2\repository\org\jooq\joor-java-8\0.9.10\joor-java-8-0.9.10.jar;C:\Users\11619\.m2\repository\io\cucumber\gherkin\5.1.0\gherkin-5.1.0.jar;C:\Users\11619\.m2\repository\io\cucumber\gherkin-jvm-deps\1.0.4\gherkin-jvm-deps-1.0.4.jar;C:\Users\11619\.m2\repository\io\qameta\allure\allure-maven\2.10.0\allure-maven-2.10.0.jar;C:\Users\11619\.m2\repository\org\apache\maven\maven-core\3.3.9\maven-core-3.3.9.jar;C:\Users\11619\.m2\repository\org\apache\maven\maven-model\3.3.9\maven-model-3.3.9.jar;C:\Users\11619\.m2\repository\org\apache\maven\maven-settings\3.3.9\maven-settings-3.3.9.jar;C:\Users\11619\.m2\repository\org\apache\maven\maven-settings-builder\3.3.9\maven-settings-builder-3.3.9.jar;C:\Users\11619\.m2\repository\org\apache\maven\maven-builder-support\3.3.9\maven-builder-support-3.3.9.jar;C:\Users\11619\.m2\repository\org\apache\maven\maven-repository-metadata\3.3.9\maven-repository-metadata-3.3.9.jar;C:\Users\11619\.m2\repository\org\apache\maven\maven-model-builder\3.3.9\maven-model-builder-3.3.9.jar;C:\Users\11619\.m2\repository\org\apache\maven\maven-aether-provider\3.3.9\maven-aether-provider-3.3.9.jar;C:\Users\11619\.m2\repository\org\eclipse\aether\aether-spi\1.0.2.v20150114\aether-spi-1.0.2.v20150114.jar;C:\Users\11619\.m2\repository\org\eclipse\aether\aether-impl\1.0.2.v20150114\aether-impl-1.0.2.v20150114.jar;C:\Users\11619\.m2\repository\org\eclipse\aether\aether-api\1.0.2.v20150114\aether-api-1.0.2.v20150114.jar;C:\Users\11619\.m2\repository\org\eclipse\aether\aether-util\1.0.2.v20150114\aether-util-1.0.2.v20150114.jar;C:\Users\11619\.m2\repository\org\eclipse\sisu\org.eclipse.sisu.plexus\0.3.2\org.eclipse.sisu.plexus-0.3.2.jar;C:\Users\11619\.m2\repository\javax\enterprise\cdi-api\1.0\cdi-api-1.0.jar;C:\Users\11619\.m2\repository\javax\annotation\jsr250-api\1.0\jsr250-api-1.0.jar;C:\Users\11619\.m2\repository\org\eclipse\sisu\org.eclipse.sisu.inject\0.3.2\org.eclipse.sisu.inject-0.3.2.jar;C:\Users\11619\.m2\repository\com\google\inject\guice\4.0\guice-4.0-no_aop.jar;C:\Users\11619\.m2\repository\org\codehaus\plexus\plexus-interpolation\1.21\plexus-interpolation-1.21.jar;C:\Users\11619\.m2\repository\org\codehaus\plexus\plexus-utils\3.0.22\plexus-utils-3.0.22.jar;C:\Users\11619\.m2\repository\org\codehaus\plexus\plexus-classworlds\2.5.2\plexus-classworlds-2.5.2.jar;C:\Users\11619\.m2\repository\org\codehaus\plexus\plexus-component-annotations\1.6\plexus-component-annotations-1.6.jar;C:\Users\11619\.m2\repository\org\sonatype\plexus\plexus-sec-dispatcher\1.3\plexus-sec-dispatcher-1.3.jar;C:\Users\11619\.m2\repository\org\sonatype\plexus\plexus-cipher\1.4\plexus-cipher-1.4.jar;C:\Users\11619\.m2\repository\org\apache\maven\reporting\maven-reporting-impl\2.4\maven-reporting-impl-2.4.jar;C:\Users\11619\.m2\repository\org\apache\maven\reporting\maven-reporting-api\3.0\maven-reporting-api-3.0.jar;C:\Users\11619\.m2\repository\org\apache\maven\maven-project\2.2.1\maven-project-2.2.1.jar;C:\Users\11619\.m2\repository\org\apache\maven\maven-profile\2.2.1\maven-profile-2.2.1.jar;C:\Users\11619\.m2\repository\org\apache\maven\maven-artifact-manager\2.2.1\maven-artifact-manager-2.2.1.jar;C:\Users\11619\.m2\repository\backport-util-concurrent\backport-util-concurrent\3.1\backport-util-concurrent-3.1.jar;C:\Users\11619\.m2\repository\org\apache\maven\maven-plugin-registry\2.2.1\maven-plugin-registry-2.2.1.jar;C:\Users\11619\.m2\repository\org\codehaus\plexus\plexus-container-default\1.0-alpha-9-stable-1\plexus-container-default-1.0-alpha-9-stable-1.jar;C:\Users\11619\.m2\repository\classworlds\classworlds\1.1-alpha-2\classworlds-1.1-alpha-2.jar;C:\Users\11619\.m2\repository\org\apache\maven\doxia\doxia-sink-api\1.6\doxia-sink-api-1.6.jar;C:\Users\11619\.m2\repository\org\apache\maven\doxia\doxia-logging-api\1.6\doxia-logging-api-1.6.jar;C:\Users\11619\.m2\repository\org\apache\maven\doxia\doxia-core\1.6\doxia-core-1.6.jar;C:\Users\11619\.m2\repository\commons-lang\commons-lang\2.4\commons-lang-2.4.jar;C:\Users\11619\.m2\repository\xmlunit\xmlunit\1.5\xmlunit-1.5.jar;C:\Users\11619\.m2\repository\org\apache\maven\doxia\doxia-site-renderer\1.6\doxia-site-renderer-1.6.jar;C:\Users\11619\.m2\repository\org\apache\maven\doxia\doxia-decoration-model\1.6\doxia-decoration-model-1.6.jar;C:\Users\11619\.m2\repository\org\apache\maven\doxia\doxia-module-xhtml\1.6\doxia-module-xhtml-1.6.jar;C:\Users\11619\.m2\repository\org\apache\maven\doxia\doxia-module-fml\1.6\doxia-module-fml-1.6.jar;C:\Users\11619\.m2\repository\org\codehaus\plexus\plexus-i18n\1.0-beta-7\plexus-i18n-1.0-beta-7.jar;C:\Users\11619\.m2\repository\org\codehaus\plexus\plexus-velocity\1.1.7\plexus-velocity-1.1.7.jar;C:\Users\11619\.m2\repository\org\apache\velocity\velocity-tools\2.0\velocity-tools-2.0.jar;C:\Users\11619\.m2\repository\commons-chain\commons-chain\1.1\commons-chain-1.1.jar;C:\Users\11619\.m2\repository\dom4j\dom4j\1.1\dom4j-1.1.jar;C:\Users\11619\.m2\repository\sslext\sslext\1.2-0\sslext-1.2-0.jar;C:\Users\11619\.m2\repository\org\apache\struts\struts-core\1.3.8\struts-core-1.3.8.jar;C:\Users\11619\.m2\repository\antlr\antlr\2.7.2\antlr-2.7.2.jar;C:\Users\11619\.m2\repository\org\apache\struts\struts-taglib\1.3.8\struts-taglib-1.3.8.jar;C:\Users\11619\.m2\repository\org\apache\struts\struts-tiles\1.3.8\struts-tiles-1.3.8.jar;C:\Users\11619\.m2\repository\commons-validator\commons-validator\1.4.1\commons-validator-1.4.1.jar;C:\Users\11619\.m2\repository\commons-digester\commons-digester\1.8.1\commons-digester-1.8.1.jar;C:\Users\11619\.m2\repository\commons-beanutils\commons-beanutils\1.9.3\commons-beanutils-1.9.3.jar;C:\Users\11619\.m2\repository\commons-collections\commons-collections\3.2.2\commons-collections-3.2.2.jar;C:\Users\11619\.m2\repository\net\lingala\zip4j\zip4j\1.3.2\zip4j-1.3.2.jar;C:\Users\11619\.m2\repository\org\apache\commons\commons-exec\1.3\commons-exec-1.3.jar;C:\Users\11619\.m2\repository\org\apache\maven\plugin-tools\maven-plugin-annotations\3.2\maven-plugin-annotations-3.2.jar;C:\Users\11619\.m2\repository\org\apache\maven\plugins\maven-jxr-plugin\2.5\maven-jxr-plugin-2.5.jar;C:\Users\11619\.m2\repository\org\apache\velocity\velocity\1.5\velocity-1.5.jar;C:\Users\11619\.m2\repository\oro\oro\2.0.8\oro-2.0.8.jar;C:\Users\11619\.m2\repository\org\apache\maven\maven-jxr\2.5\maven-jxr-2.5.jar;C:\Users\11619\.m2\repository\org\apache\maven\wagon\wagon-provider-api\1.0\wagon-provider-api-1.0.jar;C:\Users\11619\.m2\repository\uk\com\robust-it\cloning\1.9.10\cloning-1.9.10.jar;C:\Users\11619\.m2\repository\net\lightbody\bmp\browsermob-core\2.1.5\browsermob-core-2.1.5.jar;C:\Users\11619\.m2\repository\net\lightbody\bmp\littleproxy\1.1.0-beta-bmp-17\littleproxy-1.1.0-beta-bmp-17.jar;C:\Users\11619\.m2\repository\dnsjava\dnsjava\2.1.8\dnsjava-2.1.8.jar;C:\Users\11619\.m2\repository\org\slf4j\jcl-over-slf4j\1.7.25\jcl-over-slf4j-1.7.25.jar;C:\Users\11619\.m2\repository\com\jcraft\jzlib\1.1.3\jzlib-1.1.3.jar;C:\Users\11619\.m2\repository\io\netty\netty-all\4.0.51.Final\netty-all-4.0.51.Final.jar;C:\Users\11619\.m2\repository\org\bouncycastle\bcprov-jdk15on\1.58\bcprov-jdk15on-1.58.jar;C:\Users\11619\.m2\repository\org\bouncycastle\bcpkix-jdk15on\1.58\bcpkix-jdk15on-1.58.jar;C:\Users\11619\.m2\repository\net\lightbody\bmp\mitm\2.1.5\mitm-2.1.5.jar;C:\Users\11619\.m2\repository\io\cucumber\cucumber-picocontainer\5.7.0\cucumber-picocontainer-5.7.0.jar;C:\Users\11619\.m2\repository\org\picocontainer\picocontainer\2.15\picocontainer-2.15.jar;C:\Users\11619\.m2\repository\org\seleniumhq\selenium\selenium-java\3.11.0\selenium-java-3.11.0.jar;C:\Users\11619\.m2\repository\org\seleniumhq\selenium\selenium-api\3.11.0\selenium-api-3.11.0.jar;C:\Users\11619\.m2\repository\org\seleniumhq\selenium\selenium-edge-driver\3.11.0\selenium-edge-driver-3.11.0.jar;C:\Users\11619\.m2\repository\org\seleniumhq\selenium\selenium-firefox-driver\3.11.0\selenium-firefox-driver-3.11.0.jar;C:\Users\11619\.m2\repository\org\seleniumhq\selenium\selenium-ie-driver\3.11.0\selenium-ie-driver-3.11.0.jar;C:\Users\11619\.m2\repository\org\seleniumhq\selenium\selenium-opera-driver\3.11.0\selenium-opera-driver-3.11.0.jar;C:\Users\11619\.m2\repository\org\seleniumhq\selenium\selenium-remote-driver\3.11.0\selenium-remote-driver-3.11.0.jar;C:\Users\11619\.m2\repository\org\seleniumhq\selenium\selenium-safari-driver\3.11.0\selenium-safari-driver-3.11.0.jar;C:\Users\11619\.m2\repository\org\seleniumhq\selenium\selenium-support\3.11.0\selenium-support-3.11.0.jar;C:\Users\11619\.m2\repository\commons-codec\commons-codec\1.10\commons-codec-1.10.jar;C:\Users\11619\.m2\repository\com\google\code\gson\gson\2.8.2\gson-2.8.2.jar;C:\Users\11619\.m2\repository\org\apache\httpcomponents\httpcore\4.4.6\httpcore-4.4.6.jar;C:\Users\11619\.m2\repository\com\squareup\okhttp3\okhttp\3.9.1\okhttp-3.9.1.jar;C:\Users\11619\.m2\repository\com\squareup\okio\okio\1.13.0\okio-1.13.0.jar;C:\Users\11619\.m2\repository\org\seleniumhq\selenium\selenium-server\3.11.0\selenium-server-3.11.0.jar;C:\Users\11619\.m2\repository\com\beust\jcommander\1.72\jcommander-1.72.jar;C:\Users\11619\.m2\repository\org\apache\commons\commons-text\1.1\commons-text-1.1.jar;C:\Users\11619\.m2\repository\commons-io\commons-io\2.6\commons-io-2.6.jar;C:\Users\11619\.m2\repository\commons-net\commons-net\3.6\commons-net-3.6.jar;C:\Users\11619\.m2\repository\org\w3c\css\sac\1.3\sac-1.3.jar;C:\Users\11619\.m2\repository\net\sourceforge\cssparser\cssparser\0.9.24\cssparser-0.9.24.jar;C:\Users\11619\.m2\repository\net\sourceforge\htmlunit\htmlunit\2.29\htmlunit-2.29.jar;C:\Users\11619\.m2\repository\net\sourceforge\htmlunit\htmlunit-core-js\2.28\htmlunit-core-js-2.28.jar;C:\Users\11619\.m2\repository\net\sourceforge\htmlunit\neko-htmlunit\2.28\neko-htmlunit-2.28.jar;C:\Users\11619\.m2\repository\net\jcip\jcip-annotations\1.0\jcip-annotations-1.0.jar;C:\Users\11619\.m2\repository\org\seleniumhq\selenium\jetty-repacked\9.4.7.v20171121\jetty-repacked-9.4.7.v20171121.jar;C:\Users\11619\.m2\repository\org\eclipse\jetty\jetty-client\9.4.7.v20170914\jetty-client-9.4.7.v20170914.jar;C:\Users\11619\.m2\repository\org\eclipse\jetty\jetty-http\9.4.8.v20171121\jetty-http-9.4.8.v20171121.jar;C:\Users\11619\.m2\repository\org\eclipse\jetty\jetty-io\9.4.8.v20171121\jetty-io-9.4.8.v20171121.jar;C:\Users\11619\.m2\repository\org\eclipse\jetty\jetty-util\9.4.8.v20171121\jetty-util-9.4.8.v20171121.jar;C:\Users\11619\.m2\repository\org\eclipse\jetty\jetty-xml\9.4.7.v20170914\jetty-xml-9.4.7.v20170914.jar;C:\Users\11619\.m2\repository\org\seleniumhq\selenium\htmlunit-driver\2.29.0\htmlunit-driver-2.29.0.jar;C:\Users\11619\.m2\repository\javax\servlet\javax.servlet-api\3.1.0\javax.servlet-api-3.1.0.jar;C:\Users\11619\.m2\repository\org\eclipse\jetty\websocket\websocket-api\9.4.7.v20170914\websocket-api-9.4.7.v20170914.jar;C:\Users\11619\.m2\repository\org\eclipse\jetty\websocket\websocket-client\9.4.7.v20170914\websocket-client-9.4.7.v20170914.jar;C:\Users\11619\.m2\repository\org\eclipse\jetty\websocket\websocket-common\9.4.7.v20170914\websocket-common-9.4.7.v20170914.jar;C:\Users\11619\.m2\repository\xalan\serializer\2.7.2\serializer-2.7.2.jar;C:\Users\11619\.m2\repository\xalan\xalan\2.7.2\xalan-2.7.2.jar;C:\Users\11619\.m2\repository\org\yaml\snakeyaml\1.19\snakeyaml-1.19.jar;C:\Users\11619\.m2\repository\org\seleniumhq\selenium\selenium-chrome-driver\3.11.0\selenium-chrome-driver-3.11.0.jar;C:\Users\11619\.m2\repository\org\apache\maven\plugins\maven-compiler-plugin\3.8.1\maven-compiler-plugin-3.8.1.jar;C:\Users\11619\.m2\repository\org\apache\maven\maven-plugin-api\3.0\maven-plugin-api-3.0.jar;C:\Users\11619\.m2\repository\org\sonatype\sisu\sisu-inject-plexus\1.4.2\sisu-inject-plexus-1.4.2.jar;C:\Users\11619\.m2\repository\org\sonatype\sisu\sisu-inject-bean\1.4.2\sisu-inject-bean-1.4.2.jar;C:\Users\11619\.m2\repository\org\sonatype\sisu\sisu-guice\2.1.7\sisu-guice-2.1.7-noaop.jar;C:\Users\11619\.m2\repository\org\apache\maven\maven-artifact\3.0\maven-artifact-3.0.jar;C:\Users\11619\.m2\repository\org\apache\maven\shared\maven-shared-utils\3.2.1\maven-shared-utils-3.2.1.jar;C:\Users\11619\.m2\repository\org\apache\maven\shared\maven-shared-incremental\1.1\maven-shared-incremental-1.1.jar;C:\Users\11619\.m2\repository\org\codehaus\plexus\plexus-java\0.9.10\plexus-java-0.9.10.jar;C:\Users\11619\.m2\repository\org\ow2\asm\asm\6.2\asm-6.2.jar;C:\Users\11619\.m2\repository\com\thoughtworks\qdox\qdox\2.0-M8\qdox-2.0-M8.jar;C:\Users\11619\.m2\repository\org\codehaus\plexus\plexus-compiler-api\2.8.4\plexus-compiler-api-2.8.4.jar;C:\Users\11619\.m2\repository\org\codehaus\plexus\plexus-compiler-manager\2.8.4\plexus-compiler-manager-2.8.4.jar;C:\Users\11619\.m2\repository\org\codehaus\plexus\plexus-compiler-javac\2.8.4\plexus-compiler-javac-2.8.4.jar;C:\Users\11619\.m2\repository\org\apache\maven\plugins\maven-surefire-plugin\2.22.2\maven-surefire-plugin-2.22.2.jar;C:\Users\11619\.m2\repository\org\apache\maven\surefire\maven-surefire-common\2.22.2\maven-surefire-common-2.22.2.jar;C:\Users\11619\.m2\repository\org\apache\maven\surefire\surefire-api\2.22.2\surefire-api-2.22.2.jar;C:\Users\11619\.m2\repository\org\apache\maven\surefire\surefire-logger-api\2.22.2\surefire-logger-api-2.22.2.jar;C:\Users\11619\.m2\repository\org\apache\maven\surefire\surefire-booter\2.22.2\surefire-booter-2.22.2.jar;C:\Users\11619\.m2\repository\org\apache\maven\maven-plugin-descriptor\2.2.1\maven-plugin-descriptor-2.2.1.jar;C:\Users\11619\.m2\repository\org\apache\maven\maven-toolchain\2.2.1\maven-toolchain-2.2.1.jar;C:\Users\11619\.m2\repository\org\beryx\awt-color-factory\1.0.0\awt-color-factory-1.0.0.jar;C:\Users\11619\.m2\repository\org\awaitility\awaitility\3.0.0\awaitility-3.0.0.jar;C:\Users\11619\.m2\repository\org\apache\commons\commons-lang3\3.9\commons-lang3-3.9.jar;"/>
    <property name="sun.cpu.endian" value="little"/>
    <property name="user.home" value="C:\Users\11619"/>
    <property name="user.language" value="en"/>
    <property name="java.specification.vendor" value="Oracle Corporation"/>
    <property name="java.version.date" value="2021-10-19"/>
    <property name="java.home" value="C:\Program Files\Java\jdk-17.0.1"/>
    <property name="file.separator" value="\"/>
    <property name="basedir" value="C:\Users\11619\OneDrive - Expleo France\Documents\Projects\Java Framework\RestAssuredAutomation\RestAssuredAutomation"/>
    <property name="java.vm.compressedOopsMode" value="Zero based"/>
    <property name="line.separator" value="&#10;"/>
    <property name="java.vm.specification.vendor" value="Oracle Corporation"/>
    <property name="java.specification.name" value="Java Platform API Specification"/>
    <property name="surefire.real.class.path" value="C:\Users\11619\AppData\Local\Temp\surefire1758191445538271953\surefirebooter3356004658110258741.jar"/>
    <property name="user.script" value=""/>
    <property name="sun.management.compiler" value="HotSpot 64-Bit Tiered Compilers"/>
    <property name="java.runtime.version" value="17.0.1+12-LTS-39"/>
    <property name="user.name" value="11619"/>
    <property name="path.separator" value=";"/>
    <property name="os.version" value="10.0"/>
    <property name="java.runtime.name" value="Java(TM) SE Runtime Environment"/>
    <property name="file.encoding" value="UTF-8"/>
    <property name="java.vm.name" value="Java HotSpot(TM) 64-Bit Server VM"/>
    <property name="localRepository" value="C:\Users\11619\.m2\repository"/>
    <property name="java.vendor.url.bug" value="https://bugreport.java.com/bugreport/"/>
    <property name="java.io.tmpdir" value="C:\Users\11619\AppData\Local\Temp\"/>
    <property name="java.version" value="17.0.1"/>
    <property name="user.dir" value="C:\Users\11619\OneDrive - Expleo France\Documents\Projects\Java Framework\RestAssuredAutomation\RestAssuredAutomation"/>
    <property name="os.arch" value="amd64"/>
    <property name="java.vm.specification.name" value="Java Virtual Machine Specification"/>
    <property name="sun.os.patch.level" value=""/>
    <property name="native.encoding" value="UTF-8"/>
    <property name="java.library.path" value="C:\Program Files\Java\jdk-17.0.1\bin;C:\WINDOWS\Sun\Java\bin;C:\WINDOWS\system32;C:\WINDOWS;C:\Program Files\Common Files\Oracle\Java\javapath;C:\WINDOWS\system32;C:\WINDOWS;C:\WINDOWS\System32\Wbem;C:\WINDOWS\System32\WindowsPowerShell\v1.0\;C:\WINDOWS\System32\OpenSSH\;C:\Program Files\Microsoft VS Code\bin;C:\Program Files\apache-maven-3.8.4-bin\bin;C:\Users\11619\AppData\Local\Microsoft\WindowsApps;;."/>
    <property name="java.vm.info" value="mixed mode, sharing"/>
    <property name="java.vendor" value="Oracle Corporation"/>
    <property name="java.vm.version" value="17.0.1+12-LTS-39"/>
    <property name="sun.io.unicode.encoding" value="UnicodeLittle"/>
    <property name="java.class.version" value="61.0"/>
  </properties>
  <testcase name="Verify if items are returned successfully" classname="dummy feature 6" time="0">
    <skipped message="assumption was not met due to: [selenium grid reachable] expected:&lt;[tru]e&gt; but was:&lt;[fals]e&gt;"/>
    <system-out><![CDATA[
@API1 @API2 @API3 @api @abhijeet
Scenario Outline: Verify if items are returned successfully                                             # features/service-features/simplekart6.feature:24
com.expleoautomation.commons.TestDataHolder DEBUG - recording the test data key: ENVIRONMENT with the value: uat
com.expleoautomation.commons.TestDataHolder DEBUG - record: ENVIRONMENT = uat
com.expleoautomation.stepdefinitions.startandcleansteps.StartAndCleanSteps DEBUG - Environment: uat
com.expleoautomation.stepdefinitions.startandcleansteps.SharedBrowserSteps DEBUG - starting chrome as headless
com.expleoautomation.stepdefinitions.startandcleansteps.SharedBrowserSteps DEBUG - starting chrome as headless
      org.junit.AssumptionViolatedException: assumption was not met due to: [selenium grid reachable] expected:<[tru]e> but was:<[fals]e>
	at java.base/jdk.internal.reflect.NativeConstructorAccessorImpl.newInstance0(Native Method)
	at java.base/jdk.internal.reflect.NativeConstructorAccessorImpl.newInstance(NativeConstructorAccessorImpl.java:77)
	at java.base/jdk.internal.reflect.DelegatingConstructorAccessorImpl.newInstance(DelegatingConstructorAccessorImpl.java:45)
	at java.base/java.lang.reflect.Constructor.newInstanceWithCaller(Constructor.java:499)
	at java.base/java.lang.reflect.Constructor.newInstance(Constructor.java:480)
	at org.assertj.core.api.Assumptions.assumptionNotMet(Assumptions.java:1206)
	at org.assertj.core.api.Assumptions.assumptionNotMet(Assumptions.java:1184)
	at org.assertj.core.api.Assumptions.access$100(Assumptions.java:93)
	at org.assertj.core.api.Assumptions$AssumptionMethodInterceptor.intercept(Assumptions.java:117)
	at org.assertj.core.api.BooleanAssert$ByteBuddy$RjakGevs.isEqualTo(Unknown Source)
	at org.assertj.core.api.BooleanAssert$ByteBuddy$RjakGevs.isEqualTo(Unknown Source)
	at org.assertj.core.api.AbstractBooleanAssert.isTrue(AbstractBooleanAssert.java:59)
	at org.assertj.core.api.BooleanAssert$ByteBuddy$RjakGevs.isTrue$accessor$f31y017g(Unknown Source)
	at org.assertj.core.api.BooleanAssert$ByteBuddy$RjakGevs$Assertj$Assumptions$wXHguIpX.call(Unknown Source)
	at org.assertj.core.api.Assumptions$AssumptionMethodInterceptor.intercept(Assumptions.java:111)
	at org.assertj.core.api.BooleanAssert$ByteBuddy$RjakGevs.isTrue(Unknown Source)
	at org.assertj.core.api.BooleanAssert$ByteBuddy$RjakGevs.isTrue(Unknown Source)
	at com.expleoautomation.utils.SeleniumDriverProvider.getRemoteWebDriver(SeleniumDriverProvider.java:101)
	at com.expleoautomation.utils.SeleniumDriverProvider.getWebDriver(SeleniumDriverProvider.java:62)
	at com.expleoautomation.stepdefinitions.startandcleansteps.SharedBrowserSteps.startHeadlessChromeForCookiesRetriev(SharedBrowserSteps.java:148)
	at com.expleoautomation.stepdefinitions.startandcleansteps.StartAndCleanSteps.configureRestAssuredSessionAndBaseUri(StartAndCleanSteps.java:74)
	at com.expleoautomation.stepdefinitions.startandcleansteps.StartAndCleanSteps.configureRestAssured(StartAndCleanSteps.java:120)
Caused by: org.junit.ComparisonFailure: [selenium grid reachable] expected:<[tru]e> but was:<[fals]e>
	at java.base/jdk.internal.reflect.NativeConstructorAccessorImpl.newInstance0(Native Method)
	at java.base/jdk.internal.reflect.NativeConstructorAccessorImpl.newInstance(NativeConstructorAccessorImpl.java:77)
	at java.base/jdk.internal.reflect.DelegatingConstructorAccessorImpl.newInstance(DelegatingConstructorAccessorImpl.java:45)
	at java.base/java.lang.reflect.Constructor.newInstanceWithCaller(Constructor.java:499)
	at com.expleoautomation.utils.SeleniumDriverProvider.getRemoteWebDriver(SeleniumDriverProvider.java:101)
	at com.expleoautomation.utils.SeleniumDriverProvider.getWebDriver(SeleniumDriverProvider.java:62)
	at com.expleoautomation.stepdefinitions.startandcleansteps.SharedBrowserSteps.startHeadlessChromeForCookiesRetriev(SharedBrowserSteps.java:148)
	at com.expleoautomation.stepdefinitions.startandcleansteps.StartAndCleanSteps.configureRestAssuredSessionAndBaseUri(StartAndCleanSteps.java:74)
	at com.expleoautomation.stepdefinitions.startandcleansteps.StartAndCleanSteps.configureRestAssured(StartAndCleanSteps.java:120)
	at java.base/jdk.internal.reflect.NativeMethodAccessorImpl.invoke0(Native Method)
	at java.base/jdk.internal.reflect.NativeMethodAccessorImpl.invoke(NativeMethodAccessorImpl.java:77)
	at java.base/jdk.internal.reflect.DelegatingMethodAccessorImpl.invoke(DelegatingMethodAccessorImpl.java:43)
	at java.base/java.lang.reflect.Method.invoke(Method.java:568)
	at io.cucumber.java.Invoker.invoke(Invoker.java:27)
	at io.cucumber.java.JavaHookDefinition.execute(JavaHookDefinition.java:61)
	at io.cucumber.core.runner.CoreHookDefinition.execute(CoreHookDefinition.java:31)
	at io.cucumber.core.runner.HookDefinitionMatch.runStep(HookDefinitionMatch.java:20)
	at io.cucumber.core.runner.TestStep.executeStep(TestStep.java:64)
	at io.cucumber.core.runner.TestStep.run(TestStep.java:49)
	at io.cucumber.core.runner.TestCase.run(TestCase.java:47)
	at io.cucumber.core.runner.Runner.runPickle(Runner.java:67)
	at io.cucumber.junit.PickleRunners$NoStepDescriptions.run(PickleRunners.java:149)
	at io.cucumber.junit.FeatureRunner.runChild(FeatureRunner.java:83)
	at io.cucumber.junit.FeatureRunner.runChild(FeatureRunner.java:24)
	at org.junit.runners.ParentRunner$3.run(ParentRunner.java:290)
	at org.junit.runners.ParentRunner$1.schedule(ParentRunner.java:71)
	at org.junit.runners.ParentRunner.runChildren(ParentRunner.java:288)
	at org.junit.runners.ParentRunner.access$000(ParentRunner.java:58)
	at org.junit.runners.ParentRunner$2.evaluate(ParentRunner.java:268)
	at org.junit.runners.ParentRunner.run(ParentRunner.java:363)
	at io.cucumber.junit.Cucumber.runChild(Cucumber.java:185)
	at io.cucumber.junit.Cucumber.runChild(Cucumber.java:83)
	at org.junit.runners.ParentRunner$3.run(ParentRunner.java:290)
	at org.apache.maven.surefire.junitcore.pc.Scheduler$1.run(Scheduler.java:410)
	at java.base/java.util.concurrent.Executors$RunnableAdapter.call(Executors.java:539)
	at java.base/java.util.concurrent.FutureTask.run(FutureTask.java:264)
	at java.base/java.util.concurrent.ThreadPoolExecutor.runWorker(ThreadPoolExecutor.java:1136)
	at java.base/java.util.concurrent.ThreadPoolExecutor$Worker.run(ThreadPoolExecutor.java:635)
	at java.base/java.lang.Thread.run(Thread.java:833)

  Given user access the "simpleKart" BaseUrl                                                            # com.expleoautomation.stepdefinitions.ServiceLayerSteps.user_access_the_BaseUrl(java.lang.String)
  And the status line in response body is "HTTP/1.1 200 OK"                                             # com.expleoautomation.stepdefinitions.ServiceLayerSteps.the_status_line_in_response_body_is(java.lang.String)
  When user calls "simpleKartItemsAPI" with "GET" http request using the query parameter "list" as "10" # com.expleoautomation.stepdefinitions.ServiceLayerSteps.user_calls_with_http_request_using_the_query_parameter(java.lang.String,java.lang.String,java.lang.String,java.lang.String)
  And the status line in response body is "HTTP/1.1 200 OK"                                             # com.expleoautomation.stepdefinitions.ServiceLayerSteps.the_status_line_in_response_body_is(java.lang.String)
  Then the API call is success with status code 200                                                     # com.expleoautomation.stepdefinitions.ServiceLayerSteps.the_API_call_is_success_with_status_code(int)
  And the status line in response body is "HTTP/1.1 200 OK"                                             # com.expleoautomation.stepdefinitions.ServiceLayerSteps.the_status_line_in_response_body_is(java.lang.String)
  And the content type of response is "application/json; charset=utf-8"                                 # com.expleoautomation.stepdefinitions.ServiceLayerSteps.the_content_type_of_response_is(java.lang.String)
com.expleoautomation.stepdefinitions.startandcleansteps.StartAndCleanSteps DEBUG - End of test scenario: Verify if items are returned successfully
com.expleoautomation.stepdefinitions.startandcleansteps.StartAndCleanSteps DEBUG - End of test scenario: Verify if items are returned successfully
com.expleoautomation.stepdefinitions.startandcleansteps.SharedBrowserSteps DEBUG - take screenshot after scenario: Verify if items are returned successfully
]]></system-out>
  </testcase>
  <testcase name="Verify if items are returned successfully" classname="dummy feature 6" time="0">
    <skipped message="assumption was not met due to: expected:&lt;[tru]e&gt; but was:&lt;[fals]e&gt;"/>
    <system-out><![CDATA[
@API1 @API2 @API3 @api @abhijeet
Scenario Outline: Verify if items are returned successfully                                             # features/service-features/simplekart6.feature:25
com.expleoautomation.stepdefinitions.startandcleansteps.StartAndCleanSteps DEBUG - Environment: uat
com.expleoautomation.stepdefinitions.startandcleansteps.SharedBrowserSteps DEBUG - starting chrome as headless
      org.junit.AssumptionViolatedException: assumption was not met due to: expected:<[tru]e> but was:<[fals]e>
	at java.base/jdk.internal.reflect.NativeConstructorAccessorImpl.newInstance0(Native Method)
	at java.base/jdk.internal.reflect.NativeConstructorAccessorImpl.newInstance(NativeConstructorAccessorImpl.java:77)
	at java.base/jdk.internal.reflect.DelegatingConstructorAccessorImpl.newInstance(DelegatingConstructorAccessorImpl.java:45)
	at java.base/java.lang.reflect.Constructor.newInstanceWithCaller(Constructor.java:499)
	at java.base/java.lang.reflect.Constructor.newInstance(Constructor.java:480)
	at org.assertj.core.api.Assumptions.assumptionNotMet(Assumptions.java:1206)
	at org.assertj.core.api.Assumptions.assumptionNotMet(Assumptions.java:1184)
	at org.assertj.core.api.Assumptions.access$100(Assumptions.java:93)
	at org.assertj.core.api.Assumptions$AssumptionMethodInterceptor.intercept(Assumptions.java:117)
	at org.assertj.core.api.BooleanAssert$ByteBuddy$RjakGevs.isEqualTo(Unknown Source)
	at org.assertj.core.api.BooleanAssert$ByteBuddy$RjakGevs.isEqualTo(Unknown Source)
	at org.assertj.core.api.AbstractBooleanAssert.isTrue(AbstractBooleanAssert.java:59)
	at org.assertj.core.api.BooleanAssert$ByteBuddy$RjakGevs.isTrue$accessor$f31y017g(Unknown Source)
	at org.assertj.core.api.BooleanAssert$ByteBuddy$RjakGevs$Assertj$Assumptions$wXHguIpX.call(Unknown Source)
	at org.assertj.core.api.Assumptions$AssumptionMethodInterceptor.intercept(Assumptions.java:111)
	at org.assertj.core.api.BooleanAssert$ByteBuddy$RjakGevs.isTrue(Unknown Source)
	at org.assertj.core.api.BooleanAssert$ByteBuddy$RjakGevs.isTrue(Unknown Source)
	at com.expleoautomation.utils.SeleniumDriverProvider.getRemoteWebDriver(SeleniumDriverProvider.java:94)
	at com.expleoautomation.utils.SeleniumDriverProvider.getWebDriver(SeleniumDriverProvider.java:62)
	at com.expleoautomation.stepdefinitions.startandcleansteps.SharedBrowserSteps.startHeadlessChromeForCookiesRetriev(SharedBrowserSteps.java:148)
	at com.expleoautomation.stepdefinitions.startandcleansteps.StartAndCleanSteps.configureRestAssuredSessionAndBaseUri(StartAndCleanSteps.java:74)
	at com.expleoautomation.stepdefinitions.startandcleansteps.StartAndCleanSteps.configureRestAssured(StartAndCleanSteps.java:120)
Caused by: org.junit.ComparisonFailure: expected:<[tru]e> but was:<[fals]e>
	at java.base/jdk.internal.reflect.NativeConstructorAccessorImpl.newInstance0(Native Method)
	at java.base/jdk.internal.reflect.NativeConstructorAccessorImpl.newInstance(NativeConstructorAccessorImpl.java:77)
	at java.base/jdk.internal.reflect.DelegatingConstructorAccessorImpl.newInstance(DelegatingConstructorAccessorImpl.java:45)
	at java.base/java.lang.reflect.Constructor.newInstanceWithCaller(Constructor.java:499)
	at com.expleoautomation.utils.SeleniumDriverProvider.getRemoteWebDriver(SeleniumDriverProvider.java:94)
	at com.expleoautomation.utils.SeleniumDriverProvider.getWebDriver(SeleniumDriverProvider.java:62)
	at com.expleoautomation.stepdefinitions.startandcleansteps.SharedBrowserSteps.startHeadlessChromeForCookiesRetriev(SharedBrowserSteps.java:148)
	at com.expleoautomation.stepdefinitions.startandcleansteps.StartAndCleanSteps.configureRestAssuredSessionAndBaseUri(StartAndCleanSteps.java:74)
	at com.expleoautomation.stepdefinitions.startandcleansteps.StartAndCleanSteps.configureRestAssured(StartAndCleanSteps.java:120)
	at java.base/jdk.internal.reflect.NativeMethodAccessorImpl.invoke0(Native Method)
	at java.base/jdk.internal.reflect.NativeMethodAccessorImpl.invoke(NativeMethodAccessorImpl.java:77)
	at java.base/jdk.internal.reflect.DelegatingMethodAccessorImpl.invoke(DelegatingMethodAccessorImpl.java:43)
	at java.base/java.lang.reflect.Method.invoke(Method.java:568)
	at io.cucumber.java.Invoker.invoke(Invoker.java:27)
	at io.cucumber.java.JavaHookDefinition.execute(JavaHookDefinition.java:61)
	at io.cucumber.core.runner.CoreHookDefinition.execute(CoreHookDefinition.java:31)
	at io.cucumber.core.runner.HookDefinitionMatch.runStep(HookDefinitionMatch.java:20)
	at io.cucumber.core.runner.TestStep.executeStep(TestStep.java:64)
	at io.cucumber.core.runner.TestStep.run(TestStep.java:49)
	at io.cucumber.core.runner.TestCase.run(TestCase.java:47)
	at io.cucumber.core.runner.Runner.runPickle(Runner.java:67)
	at io.cucumber.junit.PickleRunners$NoStepDescriptions.run(PickleRunners.java:149)
	at io.cucumber.junit.FeatureRunner.runChild(FeatureRunner.java:83)
	at io.cucumber.junit.FeatureRunner.runChild(FeatureRunner.java:24)
	at org.junit.runners.ParentRunner$3.run(ParentRunner.java:290)
	at org.junit.runners.ParentRunner$1.schedule(ParentRunner.java:71)
	at org.junit.runners.ParentRunner.runChildren(ParentRunner.java:288)
	at org.junit.runners.ParentRunner.access$000(ParentRunner.java:58)
	at org.junit.runners.ParentRunner$2.evaluate(ParentRunner.java:268)
	at org.junit.runners.ParentRunner.run(ParentRunner.java:363)
	at io.cucumber.junit.Cucumber.runChild(Cucumber.java:185)
	at io.cucumber.junit.Cucumber.runChild(Cucumber.java:83)
	at org.junit.runners.ParentRunner$3.run(ParentRunner.java:290)
	at org.apache.maven.surefire.junitcore.pc.Scheduler$1.run(Scheduler.java:410)
	at java.base/java.util.concurrent.Executors$RunnableAdapter.call(Executors.java:539)
	at java.base/java.util.concurrent.FutureTask.run(FutureTask.java:264)
	at java.base/java.util.concurrent.ThreadPoolExecutor.runWorker(ThreadPoolExecutor.java:1136)
	at java.base/java.util.concurrent.ThreadPoolExecutor$Worker.run(ThreadPoolExecutor.java:635)
	at java.base/java.lang.Thread.run(Thread.java:833)

  Given user access the "simpleKart" BaseUrl                                                            # com.expleoautomation.stepdefinitions.ServiceLayerSteps.user_access_the_BaseUrl(java.lang.String)
  And the status line in response body is "HTTP/1.1 200 OK"                                             # com.expleoautomation.stepdefinitions.ServiceLayerSteps.the_status_line_in_response_body_is(java.lang.String)
  When user calls "simpleKartItemsAPI" with "GET" http request using the query parameter "list" as "-1" # com.expleoautomation.stepdefinitions.ServiceLayerSteps.user_calls_with_http_request_using_the_query_parameter(java.lang.String,java.lang.String,java.lang.String,java.lang.String)
  And the status line in response body is "HTTP/1.1 200 OK"                                             # com.expleoautomation.stepdefinitions.ServiceLayerSteps.the_status_line_in_response_body_is(java.lang.String)
  Then the API call is success with status code 200                                                     # com.expleoautomation.stepdefinitions.ServiceLayerSteps.the_API_call_is_success_with_status_code(int)
  And the status line in response body is "HTTP/1.1 200 OK"                                             # com.expleoautomation.stepdefinitions.ServiceLayerSteps.the_status_line_in_response_body_is(java.lang.String)
  And the content type of response is "application/json; charset=utf-8"                                 # com.expleoautomation.stepdefinitions.ServiceLayerSteps.the_content_type_of_response_is(java.lang.String)
com.expleoautomation.stepdefinitions.startandcleansteps.StartAndCleanSteps DEBUG - End of test scenario: Verify if items are returned successfully
com.expleoautomation.stepdefinitions.startandcleansteps.StartAndCleanSteps DEBUG - End of test scenario: Verify if items are returned successfully
com.expleoautomation.stepdefinitions.startandcleansteps.SharedBrowserSteps DEBUG - take screenshot after scenario: Verify if items are returned successfully
]]></system-out>
  </testcase>
  <testcase name="Verify if items are returned successfully" classname="dummy feature 6" time="0">
    <skipped message="assumption was not met due to: expected:&lt;[tru]e&gt; but was:&lt;[fals]e&gt;"/>
    <system-out><![CDATA[
@API1 @API2 @API3 @api @abhijeet
Scenario Outline: Verify if items are returned successfully                                               # features/service-features/simplekart6.feature:26
com.expleoautomation.stepdefinitions.startandcleansteps.StartAndCleanSteps DEBUG - Environment: uat
com.expleoautomation.stepdefinitions.startandcleansteps.SharedBrowserSteps DEBUG - starting chrome as headless
      org.junit.AssumptionViolatedException: assumption was not met due to: expected:<[tru]e> but was:<[fals]e>
	at jdk.internal.reflect.GeneratedConstructorAccessor34.newInstance(Unknown Source)
	at java.base/jdk.internal.reflect.DelegatingConstructorAccessorImpl.newInstance(DelegatingConstructorAccessorImpl.java:45)
	at java.base/java.lang.reflect.Constructor.newInstanceWithCaller(Constructor.java:499)
	at java.base/java.lang.reflect.Constructor.newInstance(Constructor.java:480)
	at org.assertj.core.api.Assumptions.assumptionNotMet(Assumptions.java:1206)
	at org.assertj.core.api.Assumptions.assumptionNotMet(Assumptions.java:1184)
	at org.assertj.core.api.Assumptions.access$100(Assumptions.java:93)
	at org.assertj.core.api.Assumptions$AssumptionMethodInterceptor.intercept(Assumptions.java:117)
	at org.assertj.core.api.BooleanAssert$ByteBuddy$RjakGevs.isEqualTo(Unknown Source)
	at org.assertj.core.api.BooleanAssert$ByteBuddy$RjakGevs.isEqualTo(Unknown Source)
	at org.assertj.core.api.AbstractBooleanAssert.isTrue(AbstractBooleanAssert.java:59)
	at org.assertj.core.api.BooleanAssert$ByteBuddy$RjakGevs.isTrue$accessor$f31y017g(Unknown Source)
	at org.assertj.core.api.BooleanAssert$ByteBuddy$RjakGevs$Assertj$Assumptions$wXHguIpX.call(Unknown Source)
	at org.assertj.core.api.Assumptions$AssumptionMethodInterceptor.intercept(Assumptions.java:111)
	at org.assertj.core.api.BooleanAssert$ByteBuddy$RjakGevs.isTrue(Unknown Source)
	at org.assertj.core.api.BooleanAssert$ByteBuddy$RjakGevs.isTrue(Unknown Source)
	at com.expleoautomation.utils.SeleniumDriverProvider.getRemoteWebDriver(SeleniumDriverProvider.java:94)
	at com.expleoautomation.utils.SeleniumDriverProvider.getWebDriver(SeleniumDriverProvider.java:62)
	at com.expleoautomation.stepdefinitions.startandcleansteps.SharedBrowserSteps.startHeadlessChromeForCookiesRetriev(SharedBrowserSteps.java:148)
	at com.expleoautomation.stepdefinitions.startandcleansteps.StartAndCleanSteps.configureRestAssuredSessionAndBaseUri(StartAndCleanSteps.java:74)
	at com.expleoautomation.stepdefinitions.startandcleansteps.StartAndCleanSteps.configureRestAssured(StartAndCleanSteps.java:120)
Caused by: org.junit.ComparisonFailure: expected:<[tru]e> but was:<[fals]e>
	at jdk.internal.reflect.GeneratedConstructorAccessor29.newInstance(Unknown Source)
	at java.base/jdk.internal.reflect.DelegatingConstructorAccessorImpl.newInstance(DelegatingConstructorAccessorImpl.java:45)
	at java.base/java.lang.reflect.Constructor.newInstanceWithCaller(Constructor.java:499)
	at com.expleoautomation.utils.SeleniumDriverProvider.getRemoteWebDriver(SeleniumDriverProvider.java:94)
	at com.expleoautomation.utils.SeleniumDriverProvider.getWebDriver(SeleniumDriverProvider.java:62)
	at com.expleoautomation.stepdefinitions.startandcleansteps.SharedBrowserSteps.startHeadlessChromeForCookiesRetriev(SharedBrowserSteps.java:148)
	at com.expleoautomation.stepdefinitions.startandcleansteps.StartAndCleanSteps.configureRestAssuredSessionAndBaseUri(StartAndCleanSteps.java:74)
	at com.expleoautomation.stepdefinitions.startandcleansteps.StartAndCleanSteps.configureRestAssured(StartAndCleanSteps.java:120)
	at java.base/jdk.internal.reflect.NativeMethodAccessorImpl.invoke0(Native Method)
	at java.base/jdk.internal.reflect.NativeMethodAccessorImpl.invoke(NativeMethodAccessorImpl.java:77)
	at java.base/jdk.internal.reflect.DelegatingMethodAccessorImpl.invoke(DelegatingMethodAccessorImpl.java:43)
	at java.base/java.lang.reflect.Method.invoke(Method.java:568)
	at io.cucumber.java.Invoker.invoke(Invoker.java:27)
	at io.cucumber.java.JavaHookDefinition.execute(JavaHookDefinition.java:61)
	at io.cucumber.core.runner.CoreHookDefinition.execute(CoreHookDefinition.java:31)
	at io.cucumber.core.runner.HookDefinitionMatch.runStep(HookDefinitionMatch.java:20)
	at io.cucumber.core.runner.TestStep.executeStep(TestStep.java:64)
	at io.cucumber.core.runner.TestStep.run(TestStep.java:49)
	at io.cucumber.core.runner.TestCase.run(TestCase.java:47)
	at io.cucumber.core.runner.Runner.runPickle(Runner.java:67)
	at io.cucumber.junit.PickleRunners$NoStepDescriptions.run(PickleRunners.java:149)
	at io.cucumber.junit.FeatureRunner.runChild(FeatureRunner.java:83)
	at io.cucumber.junit.FeatureRunner.runChild(FeatureRunner.java:24)
	at org.junit.runners.ParentRunner$3.run(ParentRunner.java:290)
	at org.junit.runners.ParentRunner$1.schedule(ParentRunner.java:71)
	at org.junit.runners.ParentRunner.runChildren(ParentRunner.java:288)
	at org.junit.runners.ParentRunner.access$000(ParentRunner.java:58)
	at org.junit.runners.ParentRunner$2.evaluate(ParentRunner.java:268)
	at org.junit.runners.ParentRunner.run(ParentRunner.java:363)
	at io.cucumber.junit.Cucumber.runChild(Cucumber.java:185)
	at io.cucumber.junit.Cucumber.runChild(Cucumber.java:83)
	at org.junit.runners.ParentRunner$3.run(ParentRunner.java:290)
	at org.apache.maven.surefire.junitcore.pc.Scheduler$1.run(Scheduler.java:410)
	at java.base/java.util.concurrent.Executors$RunnableAdapter.call(Executors.java:539)
	at java.base/java.util.concurrent.FutureTask.run(FutureTask.java:264)
	at java.base/java.util.concurrent.ThreadPoolExecutor.runWorker(ThreadPoolExecutor.java:1136)
	at java.base/java.util.concurrent.ThreadPoolExecutor$Worker.run(ThreadPoolExecutor.java:635)
	at java.base/java.lang.Thread.run(Thread.java:833)

  Given user access the "simpleKart" BaseUrl                                                              # com.expleoautomation.stepdefinitions.ServiceLayerSteps.user_access_the_BaseUrl(java.lang.String)
  And the status line in response body is "HTTP/1.1 200 OK"                                               # com.expleoautomation.stepdefinitions.ServiceLayerSteps.the_status_line_in_response_body_is(java.lang.String)
  When user calls "simpleKartItemsAPI" with "GET" http request using the query parameter "list" as "9899" # com.expleoautomation.stepdefinitions.ServiceLayerSteps.user_calls_with_http_request_using_the_query_parameter(java.lang.String,java.lang.String,java.lang.String,java.lang.String)
  And the status line in response body is "HTTP/1.1 200 OK"                                               # com.expleoautomation.stepdefinitions.ServiceLayerSteps.the_status_line_in_response_body_is(java.lang.String)
  Then the API call is success with status code 200                                                       # com.expleoautomation.stepdefinitions.ServiceLayerSteps.the_API_call_is_success_with_status_code(int)
  And the status line in response body is "HTTP/1.1 200 OK"                                               # com.expleoautomation.stepdefinitions.ServiceLayerSteps.the_status_line_in_response_body_is(java.lang.String)
  And the content type of response is "application/json; charset=utf-8"                                   # com.expleoautomation.stepdefinitions.ServiceLayerSteps.the_content_type_of_response_is(java.lang.String)
com.expleoautomation.stepdefinitions.startandcleansteps.StartAndCleanSteps DEBUG - End of test scenario: Verify if items are returned successfully
com.expleoautomation.stepdefinitions.startandcleansteps.StartAndCleanSteps DEBUG - End of test scenario: Verify if items are returned successfully
com.expleoautomation.stepdefinitions.startandcleansteps.SharedBrowserSteps DEBUG - take screenshot after scenario: Verify if items are returned successfully
]]></system-out>
  </testcase>
  <testcase name="Verify if items details are returned successfully  for a given itemID" classname="dummy feature 6" time="2.109"/>
  <testcase name="Verify if order details are returned successfully  for a given orderid" classname="dummy feature 6" time="0.629"/>
  <testcase name="Validate if order is created for the given orderid" classname="dummy feature 6" time="1.007"/>
</testsuite>